<?xml version="1.0" encoding="UTF-8"?>
<!-- Generated by org.testng.reporters.JUnitReportReporter -->
<testsuite skipped="0" hostname="Vivek-PC" name="com.test.Video56" tests="3" failures="0" timestamp="04 Jun 2021 12:23:21 GMT" time="8.188" errors="0">
  <testcase name="validateSingleValueFromResponse3" time="1.637" classname="com.test.Video56"/>
  <testcase name="validateSingleValueFromResponse2" time="1.539" classname="com.test.Video56"/>
  <testcase name="validateSingleValueFromResponse1" time="5.012" classname="com.test.Video56"/>
</testsuite> <!-- com.test.Video56 -->
