<?xml version="1.0" encoding="UTF-8"?>
<!-- Generated by org.testng.reporters.JUnitReportReporter -->
<testsuite skipped="0" hostname="Vivek-PC" name="com.test.Video55" tests="1" failures="0" timestamp="04 Jun 2021 12:06:46 GMT" time="5.835" errors="0">
  <testcase name="extract_response" time="5.835" classname="com.test.Video55"/>
</testsuite> <!-- com.test.Video55 -->
