<?xml version="1.0" encoding="UTF-8"?>
<!-- Generated by org.testng.reporters.JUnitReportReporter -->
<testsuite skipped="0" hostname="Vivek-PC" name="com.test.one.Video55" tests="1" failures="0" timestamp="05 Jun 2021 06:18:51 GMT" time="2.807" errors="0">
  <testcase name="extractResponseBody" time="2.807" classname="com.test.one.Video55"/>
</testsuite> <!-- com.test.one.Video55 -->
