<?xml version="1.0" encoding="UTF-8"?>
<!-- Generated by org.testng.reporters.JUnitReportReporter -->
<testsuite skipped="0" hostname="Vivek-PC" name="com.test.TestRestAssured" tests="1" failures="0" timestamp="04 Jun 2021 10:25:28 GMT" time="1.872" errors="0">
  <testcase name="test" time="1.872" classname="com.test.TestRestAssured"/>
</testsuite> <!-- com.test.TestRestAssured -->
