<?xml version="1.0" encoding="UTF-8"?>
<!-- Generated by org.testng.reporters.JUnitReportReporter -->
<testsuite skipped="0" hostname="Vivek-PC" name="com.test.Video59_1" tests="1" failures="0" timestamp="05 Jun 2021 05:04:28 GMT" time="3.403" errors="0">
  <testcase name="containsInAnyOrders" time="3.403" classname="com.test.Video59_1"/>
</testsuite> <!-- com.test.Video59_1 -->
