<?xml version="1.0" encoding="UTF-8"?>
<!-- Generated by org.testng.reporters.JUnitReportReporter -->
<testsuite skipped="0" hostname="Vivek-PC" name="com.test.Video57" tests="1" failures="0" timestamp="04 Jun 2021 12:49:46 GMT" time="5.197" errors="0">
  <testcase name="hamcrest_Assert" time="5.197" classname="com.test.Video57"/>
</testsuite> <!-- com.test.Video57 -->
