<?xml version="1.0" encoding="UTF-8"?>
<!-- Generated by org.testng.reporters.JUnitReportReporter -->
<testsuite skipped="0" hostname="Vivek-PC" name="com.test.one.Video54" tests="3" failures="0" timestamp="05 Jun 2021 06:07:46 GMT" time="8.161" errors="0">
  <testcase name="validateTheSizeForResponseBody" time="1.497" classname="com.test.one.Video54"/>
  <testcase name="validateResponseBody1" time="5.093" classname="com.test.one.Video54"/>
  <testcase name="validateResponseBody2" time="1.571" classname="com.test.one.Video54"/>
</testsuite> <!-- com.test.one.Video54 -->
